<?xml version="1.0" encoding="UTF-8"?>
<testsuite name="ScrabbleAppTest" tests="3" skipped="0" failures="0" errors="0" timestamp="2015-08-11T22:01:46" hostname="epicodus-103.local" time="0.003">
  <properties/>
  <testcase name="doAllLettersHaveCorrectScore_84" classname="ScrabbleAppTest" time="0.002"/>
  <testcase name="doesLetterHaveCorrectScore_1" classname="ScrabbleAppTest" time="0.0"/>
  <testcase name="doesLetterHaveCorrectScore_3" classname="ScrabbleAppTest" time="0.0"/>
  <system-out><![CDATA[]]></system-out>
  <system-err><![CDATA[]]></system-err>
</testsuite>
